<?xml version="1.0" encoding="UTF-8"?>
<testng-results total="1" passed="1" failed="0" skipped="0">
  <reporter-output>
  </reporter-output>
  <suite started-at="2024-01-30T05:15:04Z" name="Default suite" finished-at="2024-01-30T05:15:22Z" duration-ms="17729">
    <groups>
    </groups>
    <test started-at="2024-01-30T05:15:04Z" name="Default test" finished-at="2024-01-30T05:15:22Z" duration-ms="17729">
      <class name="testNG_1.testNg1">
        <test-method is-config="true" signature="readConfig()[pri:0, instance:testNG_1.testNg1@44c73c26]" started-at="2024-01-29T23:15:04Z" name="readConfig" finished-at="2024-01-29T23:15:04Z" duration-ms="0" status="PASS">
          <reporter-output>
          </reporter-output>
        </test-method> <!-- readConfig -->
        <test-method is-config="true" signature="init()[pri:0, instance:testNG_1.testNg1@44c73c26]" started-at="2024-01-29T23:15:04Z" name="init" finished-at="2024-01-29T23:15:08Z" duration-ms="4206" status="PASS">
          <reporter-output>
          </reporter-output>
        </test-method> <!-- init -->
        <test-method signature="addcustomer()[pri:0, instance:testNG_1.testNg1@44c73c26]" started-at="2024-01-29T23:15:08Z" name="addcustomer" finished-at="2024-01-29T23:15:22Z" duration-ms="13474" status="PASS">
          <reporter-output>
          </reporter-output>
        </test-method> <!-- addcustomer -->
      </class> <!-- testNG_1.testNg1 -->
    </test> <!-- Default test -->
  </suite> <!-- Default suite -->
</testng-results>
